2022-07-30 19:28:42 [INFO] Starting minecraft server version Beta 1.7.3
2022-07-30 19:28:42 [INFO] New Frontier Craft Version: v3.4.2 S1
2022-07-30 19:28:42 [INFO] Loading properties
2022-07-30 19:28:42 [WARNING] server.properties does not exist
2022-07-30 19:28:42 [INFO] Generating new properties file
2022-07-30 19:28:42 [INFO] Starting Minecraft server on *:25565
2022-07-30 19:28:42 [WARNING] **** FAILED TO BIND TO PORT!
2022-07-30 19:28:42 [WARNING] The exception was: java.net.BindException: Address already in use: JVM_Bind
2022-07-30 19:28:42 [WARNING] Perhaps a server is already running on that port?
2022-07-30 19:30:57 [INFO] Starting minecraft server version Beta 1.7.3
2022-07-30 19:30:57 [INFO] New Frontier Craft Version: v3.4.2 S1
2022-07-30 19:30:57 [INFO] Loading properties
2022-07-30 19:30:57 [INFO] Starting Minecraft server on *:25565
2022-07-30 19:30:57 [INFO] This server is running Craftbukkit version 1060 (MC: 1.7.3) Custom build for NFC v3.4.2 S1
2022-07-30 19:30:57 [WARNING] Failed to load ban list: java.io.FileNotFoundException: banned-players.txt (Не удается найти указанный файл)
2022-07-30 19:30:57 [WARNING] Failed to load ip ban list: java.io.FileNotFoundException: banned-ips.txt (Не удается найти указанный файл)
2022-07-30 19:30:57 [WARNING] Failed to load ops: java.io.FileNotFoundException: ops.txt (Не удается найти указанный файл)
2022-07-30 19:30:57 [WARNING] Failed to load white-list: java.io.FileNotFoundException: white-list.txt (Не удается найти указанный файл)
2022-07-30 19:30:57 [INFO] Preparing level "world"
2022-07-30 19:30:58 [INFO] Preparing start region for level 0 (Seed: -3671094046270857775)
2022-07-30 19:30:59 [INFO] Preparing spawn area: 8%
2022-07-30 19:31:00 [INFO] Preparing spawn area: 16%
2022-07-30 19:31:01 [INFO] Preparing spawn area: 24%
2022-07-30 19:31:02 [INFO] Preparing spawn area: 28%
2022-07-30 19:31:03 [INFO] Preparing spawn area: 36%
2022-07-30 19:31:04 [INFO] Preparing spawn area: 40%
2022-07-30 19:31:05 [INFO] Preparing spawn area: 48%
2022-07-30 19:31:06 [INFO] Preparing spawn area: 57%
2022-07-30 19:31:07 [INFO] Preparing spawn area: 65%
2022-07-30 19:31:08 [INFO] Preparing spawn area: 69%
2022-07-30 19:31:09 [INFO] Preparing spawn area: 77%
2022-07-30 19:31:10 [INFO] Preparing spawn area: 81%
2022-07-30 19:31:11 [INFO] Preparing spawn area: 89%
2022-07-30 19:31:12 [INFO] Preparing spawn area: 93%
2022-07-30 19:31:13 [INFO] Preparing start region for level 1 (Seed: -3671094046270857775)
2022-07-30 19:31:14 [INFO] Preparing spawn area: 3%
2022-07-30 19:31:15 [INFO] Preparing spawn area: 4%
2022-07-30 19:31:16 [INFO] Preparing spawn area: 8%
2022-07-30 19:31:17 [INFO] Preparing spawn area: 12%
2022-07-30 19:31:18 [INFO] Preparing spawn area: 20%
2022-07-30 19:31:19 [INFO] Preparing spawn area: 24%
2022-07-30 19:31:21 [INFO] Preparing spawn area: 28%
2022-07-30 19:31:22 [INFO] Preparing spawn area: 32%
2022-07-30 19:31:23 [INFO] Preparing spawn area: 36%
2022-07-30 19:31:24 [INFO] Preparing spawn area: 40%
2022-07-30 19:31:27 [INFO] Preparing spawn area: 44%
2022-07-30 19:31:28 [INFO] Preparing spawn area: 48%
2022-07-30 19:31:29 [INFO] Preparing spawn area: 52%
2022-07-30 19:31:30 [INFO] Preparing spawn area: 56%
2022-07-30 19:31:31 [INFO] Preparing spawn area: 61%
2022-07-30 19:31:32 [INFO] Preparing spawn area: 69%
2022-07-30 19:31:33 [INFO] Preparing spawn area: 73%
2022-07-30 19:31:34 [INFO] Preparing spawn area: 73%
2022-07-30 19:31:36 [INFO] Preparing spawn area: 81%
2022-07-30 19:31:37 [INFO] Preparing spawn area: 85%
2022-07-30 19:31:38 [INFO] Preparing spawn area: 89%
2022-07-30 19:31:39 [INFO] Preparing spawn area: 93%
2022-07-30 19:31:40 [INFO] Done (4.304s)! For help, type "help" or "?"
2022-07-30 19:36:33 [INFO] msXNA [/127.0.0.1:57922] logged in with entity id 5170 at ([world] 327.5, 71.62000000476837, 328.5)
2022-07-30 19:36:36 [WARNING] Can't keep up! Did the system time change, or is the server overloaded?
2022-07-30 19:38:36 [INFO] Playing cave sounds to player msXNA
2022-07-30 19:40:36 [INFO] <msXNA> соси хуй
2022-07-30 19:41:15 [INFO] Opping msxna
2022-07-30 19:41:41 [INFO] To run the server without a gui, start it like this:
2022-07-30 19:41:41 [INFO]    java -Xmx1024M -Xms1024M -jar minecraft_server.jar nogui
2022-07-30 19:41:41 [INFO] Console commands:
2022-07-30 19:41:41 [INFO]    help  or  ?               shows this message
2022-07-30 19:41:41 [INFO]    kick <player>             removes a player from the server
2022-07-30 19:41:41 [INFO]    ban <player>              bans a player from the server
2022-07-30 19:41:41 [INFO]    pardon <player>           pardons a banned player so that they can connect again
2022-07-30 19:41:41 [INFO]    ban-ip <ip>               bans an IP address from the server
2022-07-30 19:41:41 [INFO]    pardon-ip <ip>            pardons a banned IP address so that they can connect again
2022-07-30 19:41:41 [INFO]    op <player>               turns a player into an op
2022-07-30 19:41:41 [INFO]    deop <player>             removes op status from a player
2022-07-30 19:41:41 [INFO]    tp <player1> <player2>    moves one player to the same location as another player
2022-07-30 19:41:41 [INFO]    give <player> <id> [num]  gives a player a resource
2022-07-30 19:41:41 [INFO]    tell <player> <message>   sends a private message to a player
2022-07-30 19:41:41 [INFO]    stop                      gracefully stops the server
2022-07-30 19:41:41 [INFO]    save-all                  forces a server-wide level save
2022-07-30 19:41:41 [INFO]    save-off                  disables terrain saving (useful for backup scripts)
2022-07-30 19:41:41 [INFO]    save-on                   re-enables terrain saving
2022-07-30 19:41:41 [INFO]    list                      lists all currently connected players
2022-07-30 19:41:41 [INFO]    say <message>             broadcasts a message to all players
2022-07-30 19:41:41 [INFO]    time <add|set> <amount>   adds to or sets the world time (0-24000)
2022-07-30 19:41:41 [INFO]    gamemode <player> <mode>  sets player's game mode (0 or 1)
2022-07-30 19:41:41 [INFO] Note: This help menu is outdated and may be updated in the future.
2022-07-30 19:43:27 [INFO] msXNA: Set time to 0
2022-07-30 19:53:59 [INFO] msXNA: Set time to 0
2022-07-30 19:54:02 [INFO] <msXNA> хуй
2022-07-30 19:54:15 [INFO] Playing cave sounds to player msXNA
2022-07-30 20:05:10 [INFO] msXNA: Set time to 0
2022-07-30 20:05:57 [INFO] Connection reset
2022-07-30 20:05:57 [SEVERE] java.net.SocketException: Connection reset by peer: socket write error
2022-07-30 20:05:57 [SEVERE] 	at java.net.SocketOutputStream.socketWrite0(Native Method)
2022-07-30 20:05:57 [SEVERE] 	at java.net.SocketOutputStream.socketWrite(Unknown Source)
2022-07-30 20:05:57 [INFO] msXNA lost connection: disconnect.endOfStream
2022-07-30 20:05:57 [SEVERE] 	at java.net.SocketOutputStream.write(Unknown Source)
2022-07-30 20:05:57 [SEVERE] 	at java.io.BufferedOutputStream.flushBuffer(Unknown Source)
2022-07-30 20:05:57 [SEVERE] 	at java.io.BufferedOutputStream.flush(Unknown Source)
2022-07-30 20:05:57 [SEVERE] 	at java.io.DataOutputStream.flush(Unknown Source)
2022-07-30 20:05:57 [SEVERE] 	at net.minecraft.server.NetworkWriterThread.run(NetworkWriterThread.java:34)
2022-07-30 20:05:57 [SEVERE] java.net.SocketException: Connection reset by peer: socket write error
2022-07-30 20:05:57 [SEVERE] 	at java.net.SocketOutputStream.socketWrite0(Native Method)
2022-07-30 20:05:57 [SEVERE] 	at java.net.SocketOutputStream.socketWrite(Unknown Source)
2022-07-30 20:05:57 [SEVERE] 	at java.net.SocketOutputStream.write(Unknown Source)
2022-07-30 20:05:57 [SEVERE] 	at java.io.BufferedOutputStream.flushBuffer(Unknown Source)
2022-07-30 20:05:57 [SEVERE] 	at java.io.BufferedOutputStream.flush(Unknown Source)
2022-07-30 20:05:57 [SEVERE] 	at java.io.DataOutputStream.flush(Unknown Source)
2022-07-30 20:05:57 [SEVERE] 	at net.minecraft.server.NetworkWriterThread.run(NetworkWriterThread.java:34)
2022-07-30 20:12:17 [INFO] msXNA [/127.0.0.1:58346] logged in with entity id 18514 at ([world] 388.125, 65.0, 331.71875)
2022-07-30 20:12:31 [INFO] Playing cave sounds to player msXNA
2022-07-30 20:13:01 [INFO] Connection reset
2022-07-30 20:13:01 [INFO] msXNA lost connection: disconnect.endOfStream
2022-07-30 20:18:54 [INFO] msXNA [/127.0.0.1:58434] logged in with entity id 19015 at ([world] 401.625, 64.0, 338.25)
2022-07-30 20:19:04 [INFO] msXNA: Set time to 0
2022-07-30 20:19:21 [INFO] Connection reset
2022-07-30 20:19:21 [INFO] msXNA lost connection: disconnect.endOfStream
2022-07-30 20:20:11 [INFO] msXNA [/127.0.0.1:58446] logged in with entity id 19236 at ([world] 400.96711248396343, 65.0, 326.8549777971615)
2022-07-30 20:21:15 [INFO] Connection reset
2022-07-30 20:21:15 [INFO] msXNA lost connection: disconnect.endOfStream
2022-07-30 22:52:45 [INFO] msXNA [/127.0.0.1:51794] logged in with entity id 19806 at ([world] 373.15625, 82.0, 320.34375)
2022-07-30 22:53:03 [INFO] msXNA: Set time to 0
2022-07-30 22:53:23 [INFO] Connection reset
2022-07-30 22:53:23 [INFO] msXNA lost connection: disconnect.endOfStream
2022-07-30 22:54:31 [INFO] msXNA [/127.0.0.1:51810] logged in with entity id 20184 at ([world] 372.54298791942153, 82.0, 322.9016111374685)
2022-07-30 22:54:49 [INFO] Playing cave sounds to player msXNA
2022-07-30 22:55:11 [INFO] Connection reset
2022-07-30 22:55:11 [INFO] msXNA lost connection: disconnect.endOfStream
2022-07-30 22:55:57 [INFO] msXNA [/127.0.0.1:51823] logged in with entity id 20704 at ([world] 381.625, 66.0, 307.6875)
2022-07-30 22:56:37 [INFO] Connection reset
2022-07-30 22:56:37 [INFO] msXNA lost connection: disconnect.endOfStream
2022-07-30 22:57:42 [INFO] msXNA [/127.0.0.1:51837] logged in with entity id 21098 at ([world] 381.96875, 67.0, 301.78125)
2022-07-30 22:58:16 [INFO] Connection reset
2022-07-30 22:58:16 [INFO] msXNA lost connection: disconnect.endOfStream
2022-07-30 23:03:42 [INFO] msXNA [/127.0.0.1:51896] logged in with entity id 21585 at ([world] 359.0450265155883, 66.0, 305.09607506388403)
2022-07-30 23:03:57 [INFO] msXNA lost connection: disconnect.quitting
2022-07-30 23:03:57 [INFO] Connection reset
2022-07-30 23:04:20 [INFO] msXNA [/127.0.0.1:51904] logged in with entity id 21805 at ([world] 353.1932778124894, 67.0, 299.9147063049696)
2022-07-30 23:04:25 [INFO] Connection reset
2022-07-30 23:04:25 [INFO] msXNA lost connection: disconnect.endOfStream
2022-07-30 23:08:10 [INFO] Starting minecraft server version Beta 1.7.3
2022-07-30 23:08:10 [INFO] New Frontier Craft Version: v3.4.2 S1
2022-07-30 23:08:10 [INFO] Loading properties
2022-07-30 23:08:10 [INFO] Starting Minecraft server on *:25565
2022-07-30 23:08:10 [INFO] This server is running Craftbukkit version 1060 (MC: 1.7.3) Custom build for NFC v3.4.2 S1
2022-07-30 23:08:10 [INFO] Preparing level "world"
2022-07-30 23:08:11 [INFO] Preparing start region for level 0 (Seed: -3671094046270857775)
2022-07-30 23:08:12 [INFO] Preparing spawn area: 65%
2022-07-30 23:08:13 [INFO] Preparing spawn area: 73%
2022-07-30 23:10:00 [INFO] Starting minecraft server version Beta 1.7.3
2022-07-30 23:10:00 [INFO] New Frontier Craft Version: v3.4.2 S1
2022-07-30 23:10:00 [INFO] Loading properties
2022-07-30 23:10:00 [INFO] Starting Minecraft server on *:25565
2022-07-30 23:10:00 [INFO] This server is running Craftbukkit version 1060 (MC: 1.7.3) Custom build for NFC v3.4.2 S1
2022-07-30 23:10:00 [INFO] Preparing level "world"
2022-07-30 23:10:00 [INFO] Preparing start region for level 0 (Seed: -3671094046270857775)
2022-07-30 23:10:01 [INFO] Preparing spawn area: 65%
2022-07-30 23:10:02 [INFO] Preparing spawn area: 73%
2022-07-30 23:10:04 [INFO] Preparing spawn area: 81%
2022-07-30 23:10:04 [INFO] Preparing start region for level 1 (Seed: -3671094046270857775)
2022-07-30 23:10:04 [INFO] Server permissions file permissions.yml is empty, ignoring it
2022-07-30 23:10:04 [INFO] Done (0.431s)! For help, type "help" or "?"
2022-07-30 23:11:09 [INFO] msXNA [/127.0.0.1:51957] logged in with entity id 1112 at ([world] 353.1932778124894, 67.0, 299.9147063049696)
2022-07-30 23:11:30 [INFO] <msXNA> fuckyou
2022-07-30 23:11:39 [INFO] <msXNA> чё бля, иди нахуй
2022-07-30 23:13:25 [INFO] msXNA: Setting msXNA to game mode §aCreative§f
2022-07-30 23:17:58 [WARNING] msXNA moved wrongly!
2022-07-30 23:17:58 [INFO] Got position 347.7225003114936, 82.20000004768373, 230.97473049591417
2022-07-30 23:17:58 [INFO] Expected 347.7225003114936, 82.20000004768373, 230.69999998807907
2022-07-30 23:18:42 [INFO] Playing cave sounds to player msXNA
2022-07-30 23:19:15 [INFO] msXNA: Giving msXNA some 181
2022-07-30 23:19:26 [INFO] msXNA: Giving msXNA some 253
2022-07-30 23:19:42 [INFO] msXNA: Set time to 20000
2022-07-30 23:20:07 [INFO] msXNA: Set time to 0
2022-07-30 23:21:17 [INFO] Connection reset
2022-07-30 23:21:17 [INFO] msXNA lost connection: disconnect.endOfStream
2022-07-31 10:56:58 [INFO] Starting minecraft server version Beta 1.7.3
2022-07-31 10:56:58 [INFO] New Frontier Craft Version: v3.4.2 S1
2022-07-31 10:56:58 [INFO] Loading properties
2022-07-31 10:56:58 [INFO] Starting Minecraft server on *:25565
2022-07-31 10:56:58 [INFO] This server is running Craftbukkit version 1060 (MC: 1.7.3) Custom build for NFC v3.4.2 S1
2022-07-31 10:56:58 [INFO] Preparing level "world"
2022-07-31 10:56:58 [INFO] Preparing start region for level 0 (Seed: -3671094046270857775)
2022-07-31 10:56:59 [INFO] Preparing spawn area: 69%
2022-07-31 10:57:00 [INFO] Preparing spawn area: 77%
2022-07-31 10:57:01 [INFO] Preparing spawn area: 89%
2022-07-31 10:57:01 [INFO] Preparing start region for level 1 (Seed: -3671094046270857775)
2022-07-31 10:57:02 [INFO] Server permissions file permissions.yml is empty, ignoring it
2022-07-31 10:57:02 [INFO] Done (0.376s)! For help, type "help" or "?"
2022-07-31 11:04:17 [INFO] msXNA [/127.0.0.1:52517] logged in with entity id 1109 at ([world] 372.5, 82.0, 321.1875)
2022-07-31 11:05:26 [WARNING] msXNA moved wrongly!
2022-07-31 11:05:26 [INFO] Got position 303.63839844339907, 61.20000004768373, 308.01388896857173
2022-07-31 11:05:26 [INFO] Expected 303.63839844339907, 61.20000004768373, 307.69999998807907
2022-07-31 11:06:52 [INFO] msXNA lost connection: disconnect.quitting
2022-07-31 11:06:52 [INFO] Connection reset
2022-07-31 11:16:03 [INFO] msXNA [/127.0.0.1:52721] logged in with entity id 4135 at ([world] 372.59375, 82.0, 324.0)
2022-07-31 11:16:06 [INFO] Connection reset
2022-07-31 11:16:06 [INFO] msXNA lost connection: disconnect.quitting
2022-07-31 11:27:26 [INFO] msXNA [/127.0.0.1:60351] logged in with entity id 4254 at ([world] 372.59375, 82.0, 324.0)
2022-07-31 11:32:28 [INFO] msXNA: Set time to 0
2022-07-31 11:32:29 [INFO] Playing cave sounds to player msXNA
2022-07-31 11:37:23 [INFO] Connection reset
2022-07-31 11:37:23 [INFO] msXNA lost connection: disconnect.quitting
2022-07-31 11:37:29 [INFO] /26.151.113.193:62578 lost connection
2022-07-31 11:37:29 [INFO] disconnect.endOfStream
2022-07-31 11:37:37 [INFO] Stopping the server..
2022-07-31 11:37:37 [INFO] Stopping server
2022-07-31 11:37:37 [INFO] Saving chunks
2022-07-31 11:38:06 [INFO] Starting minecraft server version Beta 1.7.3
2022-07-31 11:38:06 [INFO] New Frontier Craft Version: v3.4.2 S1
2022-07-31 11:38:06 [INFO] Loading properties
2022-07-31 11:38:06 [INFO] Starting Minecraft server on 26.151.113.193:25565
2022-07-31 11:38:06 [INFO] This server is running Craftbukkit version 1060 (MC: 1.7.3) Custom build for NFC v3.4.2 S1
2022-07-31 11:38:06 [INFO] Preparing level "world"
2022-07-31 11:38:06 [INFO] Preparing start region for level 0 (Seed: -3671094046270857775)
2022-07-31 11:38:07 [INFO] Preparing start region for level 1 (Seed: -3671094046270857775)
2022-07-31 11:38:07 [INFO] Server permissions file permissions.yml is empty, ignoring it
2022-07-31 11:38:07 [INFO] Done (0.141s)! For help, type "help" or "?"
2022-07-31 11:38:09 [INFO] Disconnecting turtleteacher [/26.104.92.189:59220]: Invalid session
2022-07-31 11:38:11 [INFO] msXNA [/26.151.113.193:62595] logged in with entity id 123 at ([world] 374.04311725451413, 75.0, 334.30000001192093)
2022-07-31 11:38:24 [INFO] Connection reset
2022-07-31 11:38:24 [INFO] msXNA lost connection: disconnect.quitting
2022-07-31 11:38:27 [INFO] Disconnecting turtleteacher [/26.104.92.189:59227]: Invalid session
2022-07-31 11:38:28 [INFO] Stopping the server..
2022-07-31 11:38:28 [INFO] Stopping server
2022-07-31 11:38:28 [INFO] Saving chunks
2022-07-31 11:38:42 [INFO] Starting minecraft server version Beta 1.7.3
2022-07-31 11:38:42 [INFO] New Frontier Craft Version: v3.4.2 S1
2022-07-31 11:38:42 [INFO] Loading properties
2022-07-31 11:38:42 [INFO] Starting Minecraft server on 26.151.113.193:25565
2022-07-31 11:38:42 [WARNING] **** SERVER IS RUNNING IN OFFLINE/INSECURE MODE!
2022-07-31 11:38:42 [WARNING] The server will make no attempt to authenticate usernames. Beware.
2022-07-31 11:38:42 [WARNING] While this makes the game possible to play without internet access, it also opens up the ability for hackers to connect with any username they choose.
2022-07-31 11:38:42 [WARNING] To change this, set "online-mode" to "true" in the server.settings file.
2022-07-31 11:38:42 [INFO] This server is running Craftbukkit version 1060 (MC: 1.7.3) Custom build for NFC v3.4.2 S1
2022-07-31 11:38:42 [INFO] Preparing level "world"
2022-07-31 11:38:42 [INFO] Preparing start region for level 0 (Seed: -3671094046270857775)
2022-07-31 11:38:43 [INFO] Preparing start region for level 1 (Seed: -3671094046270857775)
2022-07-31 11:38:43 [INFO] Server permissions file permissions.yml is empty, ignoring it
2022-07-31 11:38:43 [INFO] Done (0.129s)! For help, type "help" or "?"
2022-07-31 11:39:00 [INFO] msXNA [/26.151.113.193:62613] logged in with entity id 114 at ([world] 324.5, 72.62000000476837, 325.5)
2022-07-31 11:39:33 [INFO] turtleteacher [/26.104.92.189:59273] logged in with entity id 210 at ([world] 340.5, 67.62000000476837, 324.5)
2022-07-31 11:43:58 [INFO] Playing cave sounds to player msXNA
2022-07-31 11:43:59 [INFO] msXNA: Set time to 0
2022-07-31 11:45:09 [INFO] msXNA: Teleporting msxna to turtleteacher.
2022-07-31 11:46:07 [INFO] msXNA: Giving msXNA some 2268
2022-07-31 11:46:33 [INFO] msXNA: Giving msXNA some 84
2022-07-31 11:52:46 [INFO] msXNA: Giving msXNA some 320
2022-07-31 11:52:50 [INFO] msXNA: Giving msXNA some 260
2022-07-31 11:56:31 [INFO] msXNA: Set time to 0
2022-07-31 11:56:35 [INFO] msXNA: Set time to 13000
2022-07-31 11:56:44 [INFO] msXNA: Set time to 0
2022-07-31 11:56:44 [INFO] msXNA: Set time to 13000
2022-07-31 11:56:44 [INFO] msXNA: Set time to 0
2022-07-31 11:56:45 [INFO] msXNA: Set time to 13000
2022-07-31 11:56:45 [INFO] msXNA: Set time to 0
2022-07-31 11:56:45 [INFO] msXNA: Set time to 13000
2022-07-31 11:59:06 [INFO] Playing cave sounds to player msXNA
2022-07-31 12:00:36 [INFO] msXNA: Teleporting msxna to turtleteacher.
2022-07-31 12:01:43 [INFO] msXNA: Teleporting turtleteacher to msxna.
2022-07-31 12:03:57 [INFO] msXNA: Giving msXNA some 260
2022-07-31 12:03:59 [INFO] msXNA: Giving msXNA some 260
2022-07-31 12:04:04 [INFO] msXNA: Giving msXNA some 260
2022-07-31 12:05:28 [INFO] Playing cave sounds to player turtleteacher
2022-07-31 12:09:51 [INFO] /26.151.113.193:59265 lost connection
2022-07-31 12:09:51 [INFO] disconnect.endOfStream
2022-07-31 12:10:03 [INFO] msXNA [/26.151.113.193:59277] logged in with entity id 13559 at ([world] 285.3125, 77.625, 395.28125)
2022-07-31 12:10:05 [INFO] Connection reset
2022-07-31 12:10:15 [INFO] msXNA: Teleporting msxna to turtleteacher.
2022-07-31 12:12:58 [INFO] msXNA: Teleporting msxna to turtleteacher.
2022-07-31 12:14:33 [INFO] <turtleteacher> nick
2022-07-31 12:15:16 [INFO] Connection reset
2022-07-31 12:15:16 [SEVERE] java.net.SocketException: Connection reset by peer: socket write error
2022-07-31 12:15:16 [SEVERE] 	at java.net.SocketOutputStream.socketWrite0(Native Method)
2022-07-31 12:15:16 [SEVERE] 	at java.net.SocketOutputStream.socketWrite(Unknown Source)
2022-07-31 12:15:16 [SEVERE] 	at java.net.SocketOutputStream.write(Unknown Source)
2022-07-31 12:15:16 [SEVERE] 	at java.io.BufferedOutputStream.flushBuffer(Unknown Source)
2022-07-31 12:15:16 [SEVERE] 	at java.io.BufferedOutputStream.flush(Unknown Source)
2022-07-31 12:15:16 [SEVERE] 	at java.io.DataOutputStream.flush(Unknown Source)
2022-07-31 12:15:16 [SEVERE] 	at net.minecraft.server.NetworkWriterThread.run(NetworkWriterThread.java:34)
2022-07-31 12:15:16 [SEVERE] java.net.SocketException: Connection reset by peer: socket write error
2022-07-31 12:15:16 [SEVERE] 	at java.net.SocketOutputStream.socketWrite0(Native Method)
2022-07-31 12:15:16 [SEVERE] 	at java.net.SocketOutputStream.socketWrite(Unknown Source)
2022-07-31 12:15:16 [SEVERE] 	at java.net.SocketOutputStream.write(Unknown Source)
2022-07-31 12:15:16 [SEVERE] 	at java.io.BufferedOutputStream.flushBuffer(Unknown Source)
2022-07-31 12:15:16 [SEVERE] 	at java.io.BufferedOutputStream.flush(Unknown Source)
2022-07-31 12:15:16 [SEVERE] 	at java.io.DataOutputStream.flush(Unknown Source)
2022-07-31 12:15:16 [SEVERE] 	at net.minecraft.server.NetworkWriterThread.run(NetworkWriterThread.java:34)
2022-07-31 12:15:16 [INFO] turtleteacher lost connection: disconnect.endOfStream
2022-07-31 12:16:03 [INFO] msXNA: Set time to 0
2022-07-31 12:20:50 [INFO] Playing cave sounds to player msXNA
2022-07-31 12:23:49 [INFO] msXNA: Set time to 13000
2022-07-31 12:31:43 [INFO] Connection reset
2022-07-31 12:31:43 [INFO] msXNA lost connection: disconnect.quitting
2022-08-12 15:51:01 [INFO] Starting minecraft server version Beta 1.7.3
2022-08-12 15:51:01 [INFO] New Frontier Craft Version: v3.4.2 S1
2022-08-12 15:51:01 [INFO] Loading properties
2022-08-12 15:51:01 [INFO] Starting Minecraft server on 26.151.113.193:25565
2022-08-12 15:51:01 [WARNING] **** SERVER IS RUNNING IN OFFLINE/INSECURE MODE!
2022-08-12 15:51:01 [WARNING] The server will make no attempt to authenticate usernames. Beware.
2022-08-12 15:51:01 [WARNING] While this makes the game possible to play without internet access, it also opens up the ability for hackers to connect with any username they choose.
2022-08-12 15:51:01 [WARNING] To change this, set "online-mode" to "true" in the server.settings file.
2022-08-12 15:51:01 [INFO] This server is running Craftbukkit version 1060 (MC: 1.7.3) Custom build for NFC v3.4.2 S1
2022-08-12 15:51:01 [INFO] Preparing level "world"
2022-08-12 15:51:02 [INFO] Preparing start region for level 0 (Seed: -3671094046270857775)
2022-08-12 15:51:02 [INFO] Preparing start region for level 1 (Seed: -3671094046270857775)
2022-08-12 15:51:02 [INFO] Server permissions file permissions.yml is empty, ignoring it
2022-08-12 15:51:02 [INFO] Done (0.109s)! For help, type "help" or "?"
2022-08-12 15:51:43 [INFO] msXNA [/26.151.113.193:49826] logged in with entity id 145 at ([world] 357.8125, 66.0, 323.875)
2022-08-12 15:53:01 [INFO] turtleteacher [/26.104.92.189:7030] logged in with entity id 701 at ([world] 321.8125, 72.0, 325.6875)
2022-08-12 15:57:12 [INFO] [msXNA] piska
2022-08-12 15:57:20 [INFO] <msXNA> хуй
2022-08-12 15:59:27 [INFO] Playing cave sounds to player msXNA
2022-08-12 16:09:35 [INFO] msXNA: Teleporting turtleteacher to msxna.
2022-08-12 16:09:53 [INFO] msXNA: Opping turtleteacher
2022-08-12 16:10:22 [INFO] msXNA: Teleporting msxna to turtleteacher.
2022-08-12 16:11:16 [INFO] <msXNA> m
2022-08-12 16:11:19 [INFO] turtleteacher: Teleporting turtleteacher to msxna.
2022-08-12 16:13:05 [INFO] msXNA: Giving msXNA some 460
2022-08-12 16:13:34 [INFO] turtleteacher: Giving turtleteacher some 1
2022-08-12 16:13:54 [INFO] turtleteacher: Giving turtleteacher some 10
2022-08-12 16:15:58 [INFO] msXNA: Giving msXNA some 253
2022-08-12 16:16:12 [INFO] msXNA: Setting msXNA to game mode §aCreative§f
2022-08-12 16:16:17 [INFO] msXNA: Setting msXNA to game mode §bSurvival§f
2022-08-12 16:16:40 [INFO] Playing cave sounds to player turtleteacher
2022-08-12 16:18:20 [INFO] msXNA: Giving msXNA some 81
2022-08-12 16:19:15 [INFO] <msXNA> иди в пипуку
2022-08-12 16:19:18 [INFO] turtleteacher: Teleporting turtleteacher to msxna.
2022-08-12 16:19:22 [INFO] <turtleteacher> blb yf[eq et,fr
2022-08-12 16:20:40 [INFO] msXNA: Giving msXNA some 76
2022-08-12 16:21:04 [INFO] msXNA: Teleporting msxna to turtleteacher.
2022-08-12 16:28:56 [INFO] msXNA: Teleporting msxna to turtleteacher.
2022-08-12 16:34:56 [INFO] Read timed out
2022-08-12 16:34:56 [INFO] turtleteacher lost connection: disconnect.endOfStream
2022-08-12 16:34:58 [INFO] turtleteacher [/26.104.92.189:7513] logged in with entity id 17894 at ([world] 371.58934269905336, 67.5383849747723, 484.9266398582602)
2022-08-12 16:35:55 [INFO] msXNA: De-opping turtleteacher
2022-08-12 16:36:04 [INFO] msXNA: Teleporting turtleteacher to msxna.
2022-08-12 16:38:03 [INFO] Connection reset
2022-08-12 16:38:03 [INFO] turtleteacher lost connection: disconnect.quitting
2022-08-12 16:38:32 [INFO] msXNA: Banning turtleteacher
2022-08-12 16:47:11 [INFO] msXNA: Set time to 0
2022-08-12 16:47:11 [INFO] msXNA: Set time to 0
2022-08-12 16:47:11 [INFO] msXNA: Set time to 0
2022-08-12 16:47:12 [INFO] msXNA: Set time to 0
2022-08-12 16:47:19 [INFO] msXNA: Giving msXNA some 355
2022-08-12 16:47:20 [INFO] msXNA: Giving msXNA some 354
2022-08-12 16:49:19 [INFO] Connection reset
2022-08-12 16:49:19 [INFO] msXNA lost connection: disconnect.quitting
2022-08-12 16:54:18 [INFO] Stopping the server..
2022-08-12 16:54:18 [INFO] Stopping server
2022-08-12 16:54:18 [INFO] Saving chunks
